2020-09-07 16:46:44.859  INFO 6760 --- [restartedMain] com.gyh.community.CommunityApplication   : Starting CommunityApplication on WIN-V4HJ1EV0U22 with PID 6760 (D:\Users\Administrator\IdeaProjects\community\target\classes started by Administrator in d:\Users\Administrator\IdeaProjects\community)
2020-09-07 16:46:44.863  INFO 6760 --- [restartedMain] com.gyh.community.CommunityApplication   : No active profile set, falling back to default profiles: default
2020-09-07 16:46:44.930  INFO 6760 --- [restartedMain] .e.DevToolsPropertyDefaultsPostProcessor : Devtools property defaults active! Set 'spring.devtools.add-properties' to 'false' to disable
2020-09-07 16:46:44.931  INFO 6760 --- [restartedMain] .e.DevToolsPropertyDefaultsPostProcessor : For additional web related logging consider setting the 'logging.level.web' property to 'DEBUG'
2020-09-07 16:46:46.876  INFO 6760 --- [restartedMain] o.s.b.w.embedded.tomcat.TomcatWebServer  : Tomcat initialized with port(s): 9999 (http)
2020-09-07 16:46:46.885  INFO 6760 --- [restartedMain] o.apache.catalina.core.StandardService   : Starting service [Tomcat]
2020-09-07 16:46:46.885  INFO 6760 --- [restartedMain] org.apache.catalina.core.StandardEngine  : Starting Servlet engine: [Apache Tomcat/9.0.36]
2020-09-07 16:46:46.958  INFO 6760 --- [restartedMain] o.a.c.c.C.[Tomcat].[localhost].[/]       : Initializing Spring embedded WebApplicationContext
2020-09-07 16:46:46.959  INFO 6760 --- [restartedMain] w.s.c.ServletWebServerApplicationContext : Root WebApplicationContext: initialization completed in 2010 ms
2020-09-07 16:46:47.001  INFO 6760 --- [restartedMain] com.zaxxer.hikari.HikariDataSource       : HikariPool-1 - Starting...
2020-09-07 16:46:49.187  INFO 6760 --- [restartedMain] com.zaxxer.hikari.HikariDataSource       : HikariPool-1 - Start completed.
2020-09-07 16:46:49.192  INFO 6760 --- [restartedMain] o.s.b.a.h2.H2ConsoleAutoConfiguration    : H2 console available at '/h2-console'. Database available at 'jdbc:h2:file:~/community'
2020-09-07 16:46:49.741  INFO 6760 --- [restartedMain] o.s.s.concurrent.ThreadPoolTaskExecutor  : Initializing ExecutorService 'applicationTaskExecutor'
2020-09-07 16:46:49.793  INFO 6760 --- [restartedMain] o.s.b.a.w.s.WelcomePageHandlerMapping    : Adding welcome page template: index
2020-09-07 16:46:49.965  INFO 6760 --- [restartedMain] o.s.b.d.a.OptionalLiveReloadServer       : LiveReload server is running on port 35729
2020-09-07 16:46:49.999  INFO 6760 --- [restartedMain] o.s.b.w.embedded.tomcat.TomcatWebServer  : Tomcat started on port(s): 9999 (http) with context path ''
2020-09-07 16:46:50.011  INFO 6760 --- [restartedMain] com.gyh.community.CommunityApplication   : Started CommunityApplication in 5.628 seconds (JVM running for 6.547)
2020-09-07 17:10:23.430  INFO 6760 --- [Thread-185] o.s.s.concurrent.ThreadPoolTaskExecutor  : Shutting down ExecutorService 'applicationTaskExecutor'
2020-09-07 17:10:23.432  INFO 6760 --- [Thread-185] com.zaxxer.hikari.HikariDataSource       : HikariPool-1 - Shutdown initiated...
2020-09-07 17:10:23.446  INFO 6760 --- [Thread-185] com.zaxxer.hikari.HikariDataSource       : HikariPool-1 - Shutdown completed.
2020-09-07 17:10:23.643  INFO 6760 --- [restartedMain] com.gyh.community.CommunityApplication   : Starting CommunityApplication on WIN-V4HJ1EV0U22 with PID 6760 (D:\Users\Administrator\IdeaProjects\community\target\classes started by Administrator in d:\Users\Administrator\IdeaProjects\community)
2020-09-07 17:10:23.643  INFO 6760 --- [restartedMain] com.gyh.community.CommunityApplication   : No active profile set, falling back to default profiles: default
2020-09-07 17:10:24.869  INFO 6760 --- [restartedMain] o.s.b.w.embedded.tomcat.TomcatWebServer  : Tomcat initialized with port(s): 9999 (http)
2020-09-07 17:10:24.870  INFO 6760 --- [restartedMain] o.apache.catalina.core.StandardService   : Starting service [Tomcat]
2020-09-07 17:10:24.871  INFO 6760 --- [restartedMain] org.apache.catalina.core.StandardEngine  : Starting Servlet engine: [Apache Tomcat/9.0.36]
2020-09-07 17:10:24.888  INFO 6760 --- [restartedMain] o.a.c.c.C.[Tomcat].[localhost].[/]       : Initializing Spring embedded WebApplicationContext
2020-09-07 17:10:24.888  INFO 6760 --- [restartedMain] w.s.c.ServletWebServerApplicationContext : Root WebApplicationContext: initialization completed in 1242 ms
2020-09-07 17:10:24.903  INFO 6760 --- [restartedMain] com.zaxxer.hikari.HikariDataSource       : HikariPool-2 - Starting...
2020-09-07 17:10:24.945  INFO 6760 --- [restartedMain] com.zaxxer.hikari.HikariDataSource       : HikariPool-2 - Start completed.
2020-09-07 17:10:24.945  INFO 6760 --- [restartedMain] o.s.b.a.h2.H2ConsoleAutoConfiguration    : H2 console available at '/h2-console'. Database available at 'jdbc:h2:file:~/community'
2020-09-07 17:10:25.239  INFO 6760 --- [restartedMain] o.s.s.concurrent.ThreadPoolTaskExecutor  : Initializing ExecutorService 'applicationTaskExecutor'
2020-09-07 17:10:25.258  INFO 6760 --- [restartedMain] o.s.b.a.w.s.WelcomePageHandlerMapping    : Adding welcome page template: index
2020-09-07 17:10:25.375  INFO 6760 --- [restartedMain] o.s.b.d.a.OptionalLiveReloadServer       : LiveReload server is running on port 35729
2020-09-07 17:10:25.396  INFO 6760 --- [restartedMain] o.s.b.w.embedded.tomcat.TomcatWebServer  : Tomcat started on port(s): 9999 (http) with context path ''
2020-09-07 17:10:25.402  INFO 6760 --- [restartedMain] com.gyh.community.CommunityApplication   : Started CommunityApplication in 1.792 seconds (JVM running for 1421.937)
2020-09-07 17:10:25.405  INFO 6760 --- [restartedMain] .ConditionEvaluationDeltaLoggingListener : Condition evaluation unchanged
2020-09-07 17:11:37.194  INFO 6760 --- [Thread-193] o.s.s.concurrent.ThreadPoolTaskExecutor  : Shutting down ExecutorService 'applicationTaskExecutor'
2020-09-07 17:11:37.195  INFO 6760 --- [Thread-193] com.zaxxer.hikari.HikariDataSource       : HikariPool-2 - Shutdown initiated...
2020-09-07 17:11:37.206  INFO 6760 --- [Thread-193] com.zaxxer.hikari.HikariDataSource       : HikariPool-2 - Shutdown completed.
2020-09-07 17:11:37.338  INFO 6760 --- [restartedMain] com.gyh.community.CommunityApplication   : Starting CommunityApplication on WIN-V4HJ1EV0U22 with PID 6760 (D:\Users\Administrator\IdeaProjects\community\target\classes started by Administrator in d:\Users\Administrator\IdeaProjects\community)
2020-09-07 17:11:37.338  INFO 6760 --- [restartedMain] com.gyh.community.CommunityApplication   : No active profile set, falling back to default profiles: default
2020-09-07 17:11:37.617  INFO 6760 --- [restartedMain] o.s.b.w.embedded.tomcat.TomcatWebServer  : Tomcat initialized with port(s): 9999 (http)
2020-09-07 17:11:37.617  INFO 6760 --- [restartedMain] o.apache.catalina.core.StandardService   : Starting service [Tomcat]
2020-09-07 17:11:37.617  INFO 6760 --- [restartedMain] org.apache.catalina.core.StandardEngine  : Starting Servlet engine: [Apache Tomcat/9.0.36]
2020-09-07 17:11:37.629  INFO 6760 --- [restartedMain] o.a.c.c.C.[Tomcat].[localhost].[/]       : Initializing Spring embedded WebApplicationContext
2020-09-07 17:11:37.629  INFO 6760 --- [restartedMain] w.s.c.ServletWebServerApplicationContext : Root WebApplicationContext: initialization completed in 288 ms
2020-09-07 17:11:37.643  INFO 6760 --- [restartedMain] com.zaxxer.hikari.HikariDataSource       : HikariPool-3 - Starting...
2020-09-07 17:11:37.680  INFO 6760 --- [restartedMain] com.zaxxer.hikari.HikariDataSource       : HikariPool-3 - Start completed.
2020-09-07 17:11:37.680  INFO 6760 --- [restartedMain] o.s.b.a.h2.H2ConsoleAutoConfiguration    : H2 console available at '/h2-console'. Database available at 'jdbc:h2:file:~/community'
2020-09-07 17:11:37.817  INFO 6760 --- [restartedMain] o.s.s.concurrent.ThreadPoolTaskExecutor  : Initializing ExecutorService 'applicationTaskExecutor'
2020-09-07 17:11:37.831  INFO 6760 --- [restartedMain] o.s.b.a.w.s.WelcomePageHandlerMapping    : Adding welcome page template: index
2020-09-07 17:11:37.914  INFO 6760 --- [restartedMain] o.s.b.d.a.OptionalLiveReloadServer       : LiveReload server is running on port 35729
2020-09-07 17:11:37.923  INFO 6760 --- [restartedMain] o.s.b.w.embedded.tomcat.TomcatWebServer  : Tomcat started on port(s): 9999 (http) with context path ''
2020-09-07 17:11:37.927  INFO 6760 --- [restartedMain] com.gyh.community.CommunityApplication   : Started CommunityApplication in 0.613 seconds (JVM running for 1494.462)
2020-09-07 17:11:37.928  INFO 6760 --- [restartedMain] .ConditionEvaluationDeltaLoggingListener : Condition evaluation unchanged
2020-09-07 17:13:24.858  INFO 8132 --- [restartedMain] com.gyh.community.CommunityApplication   : Starting CommunityApplication on WIN-V4HJ1EV0U22 with PID 8132 (D:\Users\Administrator\IdeaProjects\community\target\classes started by Administrator in d:\Users\Administrator\IdeaProjects\community)
2020-09-07 17:13:24.861  INFO 8132 --- [restartedMain] com.gyh.community.CommunityApplication   : No active profile set, falling back to default profiles: default
2020-09-07 17:13:24.923  INFO 8132 --- [restartedMain] .e.DevToolsPropertyDefaultsPostProcessor : Devtools property defaults active! Set 'spring.devtools.add-properties' to 'false' to disable
2020-09-07 17:13:24.923  INFO 8132 --- [restartedMain] .e.DevToolsPropertyDefaultsPostProcessor : For additional web related logging consider setting the 'logging.level.web' property to 'DEBUG'
2020-09-07 17:13:26.771  INFO 8132 --- [restartedMain] o.s.b.w.embedded.tomcat.TomcatWebServer  : Tomcat initialized with port(s): 9999 (http)
2020-09-07 17:13:26.779  INFO 8132 --- [restartedMain] o.apache.catalina.core.StandardService   : Starting service [Tomcat]
2020-09-07 17:13:26.779  INFO 8132 --- [restartedMain] org.apache.catalina.core.StandardEngine  : Starting Servlet engine: [Apache Tomcat/9.0.36]
2020-09-07 17:13:26.848  INFO 8132 --- [restartedMain] o.a.c.c.C.[Tomcat].[localhost].[/]       : Initializing Spring embedded WebApplicationContext
2020-09-07 17:13:26.848  INFO 8132 --- [restartedMain] w.s.c.ServletWebServerApplicationContext : Root WebApplicationContext: initialization completed in 1924 ms
2020-09-07 17:13:26.883  INFO 8132 --- [restartedMain] com.zaxxer.hikari.HikariDataSource       : HikariPool-1 - Starting...
2020-09-07 17:13:29.082  INFO 8132 --- [restartedMain] com.zaxxer.hikari.HikariDataSource       : HikariPool-1 - Start completed.
2020-09-07 17:13:29.086  INFO 8132 --- [restartedMain] o.s.b.a.h2.H2ConsoleAutoConfiguration    : H2 console available at '/h2-console'. Database available at 'jdbc:h2:file:~/community'
2020-09-07 17:13:29.618  INFO 8132 --- [restartedMain] o.s.s.concurrent.ThreadPoolTaskExecutor  : Initializing ExecutorService 'applicationTaskExecutor'
2020-09-07 17:13:29.675  INFO 8132 --- [restartedMain] o.s.b.a.w.s.WelcomePageHandlerMapping    : Adding welcome page template: index
2020-09-07 17:13:29.839  INFO 8132 --- [restartedMain] o.s.b.d.a.OptionalLiveReloadServer       : LiveReload server is running on port 35729
2020-09-07 17:13:29.869  INFO 8132 --- [restartedMain] o.s.b.w.embedded.tomcat.TomcatWebServer  : Tomcat started on port(s): 9999 (http) with context path ''
2020-09-07 17:13:29.879  INFO 8132 --- [restartedMain] com.gyh.community.CommunityApplication   : Started CommunityApplication in 5.458 seconds (JVM running for 6.454)
2020-09-07 17:21:43.109  INFO 8132 --- [http-nio-9999-exec-2] o.a.c.c.C.[Tomcat].[localhost].[/]       : Initializing Spring DispatcherServlet 'dispatcherServlet'
2020-09-07 17:21:43.109  INFO 8132 --- [http-nio-9999-exec-2] o.s.web.servlet.DispatcherServlet        : Initializing Servlet 'dispatcherServlet'
2020-09-07 17:21:43.114  INFO 8132 --- [http-nio-9999-exec-2] o.s.web.servlet.DispatcherServlet        : Completed initialization in 5 ms
